<?xml version="1.0" encoding="UTF-8"?>
<testng-results ignored="0" total="3" passed="3" failed="0" skipped="0">
  <reporter-output>
  </reporter-output>
  <suite started-at="2024-02-28T23:28:20 IST" name="Suite" finished-at="2024-02-28T23:40:36 IST" duration-ms="736060">
    <groups>
      <group name="cucumber">
        <method signature="AbstractTestNGCucumberTests.runScenario(io.cucumber.testng.PickleWrapper,io.cucumber.testng.FeatureWrapper)[pri:0, instance:com.TestRunner.testRun@59474f18]" name="runScenario" class="io.cucumber.testng.AbstractTestNGCucumberTests"/>
      </group> <!-- cucumber -->
    </groups>
    <test started-at="2024-02-28T23:28:20 IST" name="Test" finished-at="2024-02-28T23:40:36 IST" duration-ms="736060">
      <class name="com.TestRunner.testRun">
        <test-method is-config="true" signature="setUpClass(org.testng.ITestContext)[pri:0, instance:com.TestRunner.testRun@59474f18]" started-at="2024-02-28T23:28:20 IST" name="setUpClass" finished-at="2024-02-28T23:28:31 IST" duration-ms="10641" status="PASS">
          <params>
            <param index="0">
              <value>
                <![CDATA[org.testng.TestRunner@4cdd4500]]>
              </value>
            </param>
          </params>
          <reporter-output>
          </reporter-output>
        </test-method> <!-- setUpClass -->
        <test-method signature="runScenario(io.cucumber.testng.PickleWrapper,io.cucumber.testng.FeatureWrapper)[pri:0, instance:com.TestRunner.testRun@59474f18]" started-at="2024-02-28T23:28:31 IST" name="runScenario" description="Runs Cucumber Scenarios" data-provider="scenarios" finished-at="2024-02-28T23:31:44 IST" duration-ms="193136" status="PASS">
          <params>
            <param index="0">
              <value>
                <![CDATA["Getting the bikes data"]]>
              </value>
            </param>
            <param index="1">
              <value>
                <![CDATA["Identify New bikes"]]>
              </value>
            </param>
          </params>
          <reporter-output>
          </reporter-output>
        </test-method> <!-- runScenario -->
        <test-method signature="runScenario(io.cucumber.testng.PickleWrapper,io.cucumber.testng.FeatureWrapper)[pri:0, instance:com.TestRunner.testRun@59474f18]" started-at="2024-02-28T23:31:44 IST" name="runScenario" description="Runs Cucumber Scenarios" data-provider="scenarios" finished-at="2024-02-28T23:40:00 IST" duration-ms="495981" status="PASS">
          <params>
            <param index="0">
              <value>
                <![CDATA["Getting the cars data"]]>
              </value>
            </param>
            <param index="1">
              <value>
                <![CDATA["Identify New bikes"]]>
              </value>
            </param>
          </params>
          <reporter-output>
          </reporter-output>
        </test-method> <!-- runScenario -->
        <test-method signature="runScenario(io.cucumber.testng.PickleWrapper,io.cucumber.testng.FeatureWrapper)[pri:0, instance:com.TestRunner.testRun@59474f18]" started-at="2024-02-28T23:40:00 IST" name="runScenario" description="Runs Cucumber Scenarios" data-provider="scenarios" finished-at="2024-02-28T23:40:05 IST" duration-ms="5411" status="PASS">
          <params>
            <param index="0">
              <value>
                <![CDATA["Verifying the login"]]>
              </value>
            </param>
            <param index="1">
              <value>
                <![CDATA["Identify New bikes"]]>
              </value>
            </param>
          </params>
          <reporter-output>
          </reporter-output>
        </test-method> <!-- runScenario -->
        <test-method is-config="true" signature="tearDownClass()[pri:0, instance:com.TestRunner.testRun@59474f18]" started-at="2024-02-28T23:40:05 IST" name="tearDownClass" finished-at="2024-02-28T23:40:36 IST" duration-ms="30831" status="PASS">
          <reporter-output>
          </reporter-output>
        </test-method> <!-- tearDownClass -->
      </class> <!-- com.TestRunner.testRun -->
    </test> <!-- Test -->
  </suite> <!-- Suite -->
</testng-results>
