<?xml version="1.0" encoding="UTF-8"?>
<testng-results ignored="0" total="3" passed="3" failed="0" skipped="0">
  <reporter-output>
  </reporter-output>
  <suite started-at="2024-02-29T14:46:32 IST" name="Default suite" finished-at="2024-02-29T14:59:12 IST" duration-ms="760109">
    <groups>
      <group name="cucumber">
        <method signature="AbstractTestNGCucumberTests.runScenario(io.cucumber.testng.PickleWrapper,io.cucumber.testng.FeatureWrapper)[pri:0, instance:com.TestRunner.testRun@4e5ed836]" name="runScenario" class="io.cucumber.testng.AbstractTestNGCucumberTests"/>
      </group> <!-- cucumber -->
    </groups>
    <test started-at="2024-02-29T14:46:32 IST" name="Default test" finished-at="2024-02-29T14:59:12 IST" duration-ms="760109">
      <class name="com.TestRunner.testRun">
        <test-method is-config="true" signature="setUpClass(org.testng.ITestContext)[pri:0, instance:com.TestRunner.testRun@4e5ed836]" started-at="2024-02-29T14:46:32 IST" name="setUpClass" finished-at="2024-02-29T14:46:45 IST" duration-ms="12671" status="PASS">
          <params>
            <param index="0">
              <value>
                <![CDATA[org.testng.TestRunner@61c1b0e3]]>
              </value>
            </param>
          </params>
          <reporter-output>
          </reporter-output>
        </test-method> <!-- setUpClass -->
        <test-method signature="runScenario(io.cucumber.testng.PickleWrapper,io.cucumber.testng.FeatureWrapper)[pri:0, instance:com.TestRunner.testRun@4e5ed836]" started-at="2024-02-29T14:46:45 IST" name="runScenario" description="Runs Cucumber Scenarios" data-provider="scenarios" finished-at="2024-02-29T14:49:47 IST" duration-ms="182489" status="PASS">
          <params>
            <param index="0">
              <value>
                <![CDATA["Getting the bikes data"]]>
              </value>
            </param>
            <param index="1">
              <value>
                <![CDATA["Identify New bikes"]]>
              </value>
            </param>
          </params>
          <reporter-output>
          </reporter-output>
        </test-method> <!-- runScenario -->
        <test-method signature="runScenario(io.cucumber.testng.PickleWrapper,io.cucumber.testng.FeatureWrapper)[pri:0, instance:com.TestRunner.testRun@4e5ed836]" started-at="2024-02-29T14:49:47 IST" name="runScenario" description="Runs Cucumber Scenarios" data-provider="scenarios" finished-at="2024-02-29T14:58:48 IST" duration-ms="540921" status="PASS">
          <params>
            <param index="0">
              <value>
                <![CDATA["Getting the cars data"]]>
              </value>
            </param>
            <param index="1">
              <value>
                <![CDATA["Identify New bikes"]]>
              </value>
            </param>
          </params>
          <reporter-output>
          </reporter-output>
        </test-method> <!-- runScenario -->
        <test-method signature="runScenario(io.cucumber.testng.PickleWrapper,io.cucumber.testng.FeatureWrapper)[pri:0, instance:com.TestRunner.testRun@4e5ed836]" started-at="2024-02-29T14:58:48 IST" name="runScenario" description="Runs Cucumber Scenarios" data-provider="scenarios" finished-at="2024-02-29T14:59:01 IST" duration-ms="13012" status="PASS">
          <params>
            <param index="0">
              <value>
                <![CDATA["Verifying the login"]]>
              </value>
            </param>
            <param index="1">
              <value>
                <![CDATA["Identify New bikes"]]>
              </value>
            </param>
          </params>
          <reporter-output>
          </reporter-output>
        </test-method> <!-- runScenario -->
        <test-method is-config="true" signature="tearDownClass()[pri:0, instance:com.TestRunner.testRun@4e5ed836]" started-at="2024-02-29T14:59:01 IST" name="tearDownClass" finished-at="2024-02-29T14:59:12 IST" duration-ms="10934" status="PASS">
          <reporter-output>
          </reporter-output>
        </test-method> <!-- tearDownClass -->
      </class> <!-- com.TestRunner.testRun -->
    </test> <!-- Default test -->
  </suite> <!-- Default suite -->
</testng-results>
